2022-03-18 12:58:25,129 [Worker-6: Loading available Gradle versions] INFO  o.e.b.c.i.u.g.PublishedGradleVersions - Gradle version information cache is up-to-date. Trying to read.
2022-03-18 12:59:37,670 [Worker-6: Import Getting Started Content] INFO  o.e.m.c.i.l.LifecycleMappingFactory - Using org.eclipse.m2e.jdt.JarLifecycleMapping lifecycle mapping for MavenProject: com.qa:SpringArchery:0.0.1-SNAPSHOT @ C:\Users\dylan\Documents\Software development course\Archery project\SpringArchery\pom.xml.
2022-03-18 12:59:38,120 [Worker-6: Import Getting Started Content] INFO  o.e.m.j.i.AbstractJavaProjectConfigurator - Adding source folder /SpringArchery/src/main/java
2022-03-18 12:59:38,121 [Worker-6: Import Getting Started Content] INFO  o.e.m.j.i.AbstractJavaProjectConfigurator - Adding resource folder /SpringArchery/src/main/resources
2022-03-18 12:59:38,125 [Worker-6: Import Getting Started Content] INFO  o.e.m.j.i.AbstractJavaProjectConfigurator - Adding resource folder /SpringArchery/src/main/resources
2022-03-18 12:59:38,128 [Worker-6: Import Getting Started Content] INFO  o.e.m.j.i.AbstractJavaProjectConfigurator - Adding source folder /SpringArchery/src/test/java
2022-03-18 12:59:38,544 [Worker-6: Import Getting Started Content] INFO  o.e.m.c.i.p.ProjectConfigurationManager - Imported and configured 1 project(s) in 1 sec
2022-03-18 12:59:38,546 [Worker-6: Import Getting Started Content] INFO  o.e.m.c.i.p.ProjectConfigurationManager - Update started
2022-03-18 12:59:38,828 [Worker-6: Import Getting Started Content] INFO  o.e.m.c.i.l.LifecycleMappingFactory - Using org.eclipse.m2e.jdt.JarLifecycleMapping lifecycle mapping for MavenProject: com.qa:SpringArchery:0.0.1-SNAPSHOT @ C:\Users\dylan\Documents\Software development course\Archery project\SpringArchery\pom.xml.
2022-03-18 12:59:39,302 [Worker-6: Import Getting Started Content] INFO  o.e.m.j.i.AbstractJavaProjectConfigurator - Adding source folder /SpringArchery/src/main/java
2022-03-18 12:59:39,302 [Worker-6: Import Getting Started Content] INFO  o.e.m.j.i.AbstractJavaProjectConfigurator - Adding resource folder /SpringArchery/src/main/resources
2022-03-18 12:59:39,303 [Worker-6: Import Getting Started Content] INFO  o.e.m.j.i.AbstractJavaProjectConfigurator - Adding resource folder /SpringArchery/src/main/resources
2022-03-18 12:59:39,304 [Worker-6: Import Getting Started Content] INFO  o.e.m.j.i.AbstractJavaProjectConfigurator - Adding source folder /SpringArchery/src/test/java
2022-03-18 12:59:39,736 [Worker-6: Import Getting Started Content] INFO  o.e.m.c.i.p.ProjectConfigurationManager - Update completed: 1 sec
2022-03-18 12:59:40,507 [Worker-22: Building] INFO  o.e.m.c.i.embedder.EclipseLogger - Using 'UTF-8' encoding to copy filtered resources.
2022-03-18 12:59:40,507 [Worker-22: Building] INFO  o.e.m.c.i.embedder.EclipseLogger - Using 'UTF-8' encoding to copy filtered properties files.
2022-03-18 12:59:40,510 [Worker-22: Building] INFO  o.e.m.c.i.embedder.EclipseLogger - Copying 1 resource
2022-03-18 12:59:40,520 [Worker-22: Building] INFO  o.e.m.c.i.embedder.EclipseLogger - Copying 0 resource
2022-03-18 12:59:40,522 [Worker-22: Building] INFO  o.e.m.c.i.embedder.EclipseLogger - Using 'UTF-8' encoding to copy filtered resources.
2022-03-18 12:59:40,522 [Worker-22: Building] INFO  o.e.m.c.i.embedder.EclipseLogger - Using 'UTF-8' encoding to copy filtered properties files.
2022-03-18 12:59:40,522 [Worker-22: Building] INFO  o.e.m.c.i.embedder.EclipseLogger - skip non existing resourceDirectory C:\Users\dylan\Documents\Software development course\Archery project\SpringArchery\src\test\resources
2022-03-18 13:00:14,566 [Worker-7: Loading available Gradle versions] INFO  o.e.b.c.i.u.g.PublishedGradleVersions - Gradle version information cache is up-to-date. Trying to read.
2022-03-18 13:01:14,925 [Worker-4: Building] INFO  o.e.m.c.i.embedder.EclipseLogger - Using 'UTF-8' encoding to copy filtered resources.
2022-03-18 13:01:14,927 [Worker-4: Building] INFO  o.e.m.c.i.embedder.EclipseLogger - Using 'UTF-8' encoding to copy filtered properties files.
2022-03-18 13:01:14,929 [Worker-4: Building] INFO  o.e.m.c.i.embedder.EclipseLogger - Copying 1 resource
2022-03-18 13:01:14,940 [Worker-4: Building] INFO  o.e.m.c.i.embedder.EclipseLogger - Copying 0 resource
2022-03-18 13:01:14,942 [Worker-4: Building] INFO  o.e.m.c.i.embedder.EclipseLogger - Using 'UTF-8' encoding to copy filtered resources.
2022-03-18 13:01:14,942 [Worker-4: Building] INFO  o.e.m.c.i.embedder.EclipseLogger - Using 'UTF-8' encoding to copy filtered properties files.
2022-03-18 13:01:14,942 [Worker-4: Building] INFO  o.e.m.c.i.embedder.EclipseLogger - skip non existing resourceDirectory C:\Users\dylan\Documents\Software development course\Archery project\SpringArchery\src\test\resources
2022-03-18 13:01:49,632 [Worker-32: Building] INFO  o.e.m.c.i.embedder.EclipseLogger - Using 'UTF-8' encoding to copy filtered resources.
2022-03-18 13:01:49,632 [Worker-32: Building] INFO  o.e.m.c.i.embedder.EclipseLogger - Using 'UTF-8' encoding to copy filtered properties files.
2022-03-18 13:01:49,634 [Worker-32: Building] INFO  o.e.m.c.i.embedder.EclipseLogger - Copying 1 resource
2022-03-18 13:01:49,638 [Worker-32: Building] INFO  o.e.m.c.i.embedder.EclipseLogger - Copying 0 resource
2022-03-18 13:01:49,640 [Worker-32: Building] INFO  o.e.m.c.i.embedder.EclipseLogger - Using 'UTF-8' encoding to copy filtered resources.
2022-03-18 13:01:49,640 [Worker-32: Building] INFO  o.e.m.c.i.embedder.EclipseLogger - Using 'UTF-8' encoding to copy filtered properties files.
2022-03-18 13:01:49,640 [Worker-32: Building] INFO  o.e.m.c.i.embedder.EclipseLogger - skip non existing resourceDirectory C:\Users\dylan\Documents\Software development course\Archery project\SpringArchery\src\test\resources
2022-03-18 13:02:44,110 [Worker-25: Building] INFO  o.e.m.c.i.embedder.EclipseLogger - Using 'UTF-8' encoding to copy filtered resources.
2022-03-18 13:02:44,110 [Worker-25: Building] INFO  o.e.m.c.i.embedder.EclipseLogger - Using 'UTF-8' encoding to copy filtered properties files.
2022-03-18 13:02:44,111 [Worker-25: Building] INFO  o.e.m.c.i.embedder.EclipseLogger - Copying 1 resource
2022-03-18 13:02:44,121 [Worker-25: Building] INFO  o.e.m.c.i.embedder.EclipseLogger - Copying 0 resource
2022-03-18 13:02:44,124 [Worker-25: Building] INFO  o.e.m.c.i.embedder.EclipseLogger - Using 'UTF-8' encoding to copy filtered resources.
2022-03-18 13:02:44,125 [Worker-25: Building] INFO  o.e.m.c.i.embedder.EclipseLogger - Using 'UTF-8' encoding to copy filtered properties files.
2022-03-18 13:02:44,125 [Worker-25: Building] INFO  o.e.m.c.i.embedder.EclipseLogger - skip non existing resourceDirectory C:\Users\dylan\Documents\Software development course\Archery project\SpringArchery\src\test\resources
2022-03-18 15:05:31,384 [Worker-25: Building] INFO  o.e.m.c.i.embedder.EclipseLogger - Using 'UTF-8' encoding to copy filtered resources.
2022-03-18 15:05:31,384 [Worker-25: Building] INFO  o.e.m.c.i.embedder.EclipseLogger - Using 'UTF-8' encoding to copy filtered properties files.
2022-03-18 15:05:31,385 [Worker-25: Building] INFO  o.e.m.c.i.embedder.EclipseLogger - Copying 1 resource
2022-03-18 15:05:31,388 [Worker-25: Building] INFO  o.e.m.c.i.embedder.EclipseLogger - Copying 0 resource
2022-03-18 15:05:31,389 [Worker-25: Building] INFO  o.e.m.c.i.embedder.EclipseLogger - Using 'UTF-8' encoding to copy filtered resources.
2022-03-18 15:05:31,389 [Worker-25: Building] INFO  o.e.m.c.i.embedder.EclipseLogger - Using 'UTF-8' encoding to copy filtered properties files.
2022-03-18 15:05:31,389 [Worker-25: Building] INFO  o.e.m.c.i.embedder.EclipseLogger - skip non existing resourceDirectory C:\Users\dylan\Documents\Software development course\Archery project\SpringArchery\src\test\resources
2022-03-18 15:05:57,115 [Worker-41: Building] INFO  o.e.m.c.i.embedder.EclipseLogger - Using 'UTF-8' encoding to copy filtered resources.
2022-03-18 15:05:57,115 [Worker-41: Building] INFO  o.e.m.c.i.embedder.EclipseLogger - Using 'UTF-8' encoding to copy filtered properties files.
2022-03-18 15:05:57,116 [Worker-41: Building] INFO  o.e.m.c.i.embedder.EclipseLogger - Copying 1 resource
2022-03-18 15:05:57,118 [Worker-41: Building] INFO  o.e.m.c.i.embedder.EclipseLogger - Copying 0 resource
2022-03-18 15:05:57,119 [Worker-41: Building] INFO  o.e.m.c.i.embedder.EclipseLogger - Using 'UTF-8' encoding to copy filtered resources.
2022-03-18 15:05:57,119 [Worker-41: Building] INFO  o.e.m.c.i.embedder.EclipseLogger - Using 'UTF-8' encoding to copy filtered properties files.
2022-03-18 15:05:57,119 [Worker-41: Building] INFO  o.e.m.c.i.embedder.EclipseLogger - skip non existing resourceDirectory C:\Users\dylan\Documents\Software development course\Archery project\SpringArchery\src\test\resources
2022-03-18 15:09:03,527 [Worker-43: Launching SpringArchery - SpringArcheryApplication] INFO  o.e.m.c.i.embedder.EclipseLogger - Using 'UTF-8' encoding to copy filtered resources.
2022-03-18 15:09:03,527 [Worker-43: Launching SpringArchery - SpringArcheryApplication] INFO  o.e.m.c.i.embedder.EclipseLogger - Using 'UTF-8' encoding to copy filtered properties files.
2022-03-18 15:09:03,529 [Worker-43: Launching SpringArchery - SpringArcheryApplication] INFO  o.e.m.c.i.embedder.EclipseLogger - Copying 3 resources
2022-03-18 15:09:03,560 [Worker-43: Launching SpringArchery - SpringArcheryApplication] INFO  o.e.m.c.i.embedder.EclipseLogger - Using 'UTF-8' encoding to copy filtered resources.
2022-03-18 15:09:03,560 [Worker-43: Launching SpringArchery - SpringArcheryApplication] INFO  o.e.m.c.i.embedder.EclipseLogger - Using 'UTF-8' encoding to copy filtered properties files.
2022-03-18 15:09:03,561 [Worker-43: Launching SpringArchery - SpringArcheryApplication] INFO  o.e.m.c.i.embedder.EclipseLogger - skip non existing resourceDirectory C:\Users\dylan\Documents\Software development course\Archery project\SpringArchery\src\test\resources
2022-03-18 15:09:27,923 [Worker-47: Building] INFO  o.e.m.c.i.l.LifecycleMappingFactory - Using org.eclipse.m2e.jdt.JarLifecycleMapping lifecycle mapping for MavenProject: com.qa:SpringArchery:0.0.1-SNAPSHOT @ C:\Users\dylan\Documents\Software development course\Archery project\SpringArchery\pom.xml.
2022-03-18 15:09:28,375 [Worker-47: Building] INFO  o.e.m.c.i.embedder.EclipseLogger - Using 'UTF-8' encoding to copy filtered resources.
2022-03-18 15:09:28,375 [Worker-47: Building] INFO  o.e.m.c.i.embedder.EclipseLogger - Using 'UTF-8' encoding to copy filtered properties files.
2022-03-18 15:09:28,376 [Worker-47: Building] INFO  o.e.m.c.i.embedder.EclipseLogger - Copying 0 resource
2022-03-18 15:09:28,376 [Worker-47: Building] INFO  o.e.m.c.i.embedder.EclipseLogger - Copying 0 resource
2022-03-18 15:09:28,378 [Worker-47: Building] INFO  o.e.m.c.i.embedder.EclipseLogger - Using 'UTF-8' encoding to copy filtered resources.
2022-03-18 15:09:28,378 [Worker-47: Building] INFO  o.e.m.c.i.embedder.EclipseLogger - Using 'UTF-8' encoding to copy filtered properties files.
2022-03-18 15:09:28,378 [Worker-47: Building] INFO  o.e.m.c.i.embedder.EclipseLogger - skip non existing resourceDirectory C:\Users\dylan\Documents\Software development course\Archery project\SpringArchery\src\test\resources
2022-03-18 15:09:36,791 [Worker-43: Updating Maven Project] INFO  o.e.m.c.i.p.ProjectConfigurationManager - Update started
2022-03-18 15:09:37,038 [Worker-43: Updating Maven Project] INFO  o.e.m.c.i.l.LifecycleMappingFactory - Using org.eclipse.m2e.jdt.JarLifecycleMapping lifecycle mapping for MavenProject: com.qa:SpringArchery:0.0.1-SNAPSHOT @ C:\Users\dylan\Documents\Software development course\Archery project\SpringArchery\pom.xml.
2022-03-18 15:09:37,410 [Worker-43: Updating Maven Project] INFO  o.e.m.j.i.AbstractJavaProjectConfigurator - Adding source folder /SpringArchery/src/main/java
2022-03-18 15:09:37,410 [Worker-43: Updating Maven Project] INFO  o.e.m.j.i.AbstractJavaProjectConfigurator - Adding resource folder /SpringArchery/src/main/resources
2022-03-18 15:09:37,410 [Worker-43: Updating Maven Project] INFO  o.e.m.j.i.AbstractJavaProjectConfigurator - Adding resource folder /SpringArchery/src/main/resources
2022-03-18 15:09:37,411 [Worker-43: Updating Maven Project] INFO  o.e.m.j.i.AbstractJavaProjectConfigurator - Adding source folder /SpringArchery/src/test/java
2022-03-18 15:09:37,609 [Worker-43: Updating Maven Project] INFO  o.e.m.c.i.p.ProjectConfigurationManager - Update completed: 0 sec
2022-03-18 15:09:38,101 [Worker-41: Building] INFO  o.e.m.c.i.embedder.EclipseLogger - Using 'UTF-8' encoding to copy filtered resources.
2022-03-18 15:09:38,101 [Worker-41: Building] INFO  o.e.m.c.i.embedder.EclipseLogger - Using 'UTF-8' encoding to copy filtered properties files.
2022-03-18 15:09:38,102 [Worker-41: Building] INFO  o.e.m.c.i.embedder.EclipseLogger - Copying 3 resources
2022-03-18 15:09:38,116 [Worker-41: Building] INFO  o.e.m.c.i.embedder.EclipseLogger - Copying 0 resource
2022-03-18 15:09:38,120 [Worker-41: Building] INFO  o.e.m.c.i.embedder.EclipseLogger - Using 'UTF-8' encoding to copy filtered resources.
2022-03-18 15:09:38,120 [Worker-41: Building] INFO  o.e.m.c.i.embedder.EclipseLogger - Using 'UTF-8' encoding to copy filtered properties files.
2022-03-18 15:09:38,120 [Worker-41: Building] INFO  o.e.m.c.i.embedder.EclipseLogger - skip non existing resourceDirectory C:\Users\dylan\Documents\Software development course\Archery project\SpringArchery\src\test\resources
2022-03-18 15:10:32,477 [Worker-45: Building] INFO  o.e.m.c.i.embedder.EclipseLogger - Using 'UTF-8' encoding to copy filtered resources.
2022-03-18 15:10:32,477 [Worker-45: Building] INFO  o.e.m.c.i.embedder.EclipseLogger - Using 'UTF-8' encoding to copy filtered properties files.
2022-03-18 15:10:32,478 [Worker-45: Building] INFO  o.e.m.c.i.embedder.EclipseLogger - Copying 1 resource
2022-03-18 15:10:32,479 [Worker-45: Building] INFO  o.e.m.c.i.embedder.EclipseLogger - Copying 0 resource
2022-03-18 15:10:32,480 [Worker-45: Building] INFO  o.e.m.c.i.embedder.EclipseLogger - Using 'UTF-8' encoding to copy filtered resources.
2022-03-18 15:10:32,480 [Worker-45: Building] INFO  o.e.m.c.i.embedder.EclipseLogger - Using 'UTF-8' encoding to copy filtered properties files.
2022-03-18 15:10:32,480 [Worker-45: Building] INFO  o.e.m.c.i.embedder.EclipseLogger - skip non existing resourceDirectory C:\Users\dylan\Documents\Software development course\Archery project\SpringArchery\src\test\resources
2022-03-20 19:59:18,260 [Worker-5: Loading available Gradle versions] INFO  o.e.b.c.i.u.g.PublishedGradleVersions - Gradle version information cache is out-of-date. Trying to update.
2022-03-20 22:12:26,388 [Worker-46: Launching SpringArchery - SpringArcheryApplication] INFO  o.e.m.c.i.embedder.EclipseLogger - Using 'UTF-8' encoding to copy filtered resources.
2022-03-20 22:12:26,389 [Worker-46: Launching SpringArchery - SpringArcheryApplication] INFO  o.e.m.c.i.embedder.EclipseLogger - Using 'UTF-8' encoding to copy filtered properties files.
2022-03-20 22:12:26,391 [Worker-46: Launching SpringArchery - SpringArcheryApplication] INFO  o.e.m.c.i.embedder.EclipseLogger - Copying 3 resources
2022-03-20 22:12:26,446 [Worker-46: Launching SpringArchery - SpringArcheryApplication] INFO  o.e.m.c.i.embedder.EclipseLogger - Copying 0 resource
2022-03-20 22:12:26,448 [Worker-46: Launching SpringArchery - SpringArcheryApplication] INFO  o.e.m.c.i.embedder.EclipseLogger - Using 'UTF-8' encoding to copy filtered resources.
2022-03-20 22:12:26,448 [Worker-46: Launching SpringArchery - SpringArcheryApplication] INFO  o.e.m.c.i.embedder.EclipseLogger - Using 'UTF-8' encoding to copy filtered properties files.
2022-03-20 22:12:26,449 [Worker-46: Launching SpringArchery - SpringArcheryApplication] INFO  o.e.m.c.i.embedder.EclipseLogger - skip non existing resourceDirectory C:\Users\dylan\Documents\Software development course\Archery project\SpringArchery\src\test\resources
2022-03-20 22:17:25,829 [Worker-52: Launching SpringArchery - SpringArcheryApplication] INFO  o.e.m.c.i.embedder.EclipseLogger - Using 'UTF-8' encoding to copy filtered resources.
2022-03-20 22:17:25,829 [Worker-52: Launching SpringArchery - SpringArcheryApplication] INFO  o.e.m.c.i.embedder.EclipseLogger - Using 'UTF-8' encoding to copy filtered properties files.
2022-03-20 22:17:25,831 [Worker-52: Launching SpringArchery - SpringArcheryApplication] INFO  o.e.m.c.i.embedder.EclipseLogger - Copying 3 resources
2022-03-20 22:17:25,850 [Worker-52: Launching SpringArchery - SpringArcheryApplication] INFO  o.e.m.c.i.embedder.EclipseLogger - Copying 0 resource
2022-03-20 22:17:25,852 [Worker-52: Launching SpringArchery - SpringArcheryApplication] INFO  o.e.m.c.i.embedder.EclipseLogger - Using 'UTF-8' encoding to copy filtered resources.
2022-03-20 22:17:25,853 [Worker-52: Launching SpringArchery - SpringArcheryApplication] INFO  o.e.m.c.i.embedder.EclipseLogger - Using 'UTF-8' encoding to copy filtered properties files.
2022-03-20 22:17:25,853 [Worker-52: Launching SpringArchery - SpringArcheryApplication] INFO  o.e.m.c.i.embedder.EclipseLogger - skip non existing resourceDirectory C:\Users\dylan\Documents\Software development course\Archery project\SpringArchery\src\test\resources
2022-03-20 22:17:46,041 [Worker-53: Building] INFO  o.e.m.c.i.embedder.EclipseLogger - Using 'UTF-8' encoding to copy filtered resources.
2022-03-20 22:17:46,041 [Worker-53: Building] INFO  o.e.m.c.i.embedder.EclipseLogger - Using 'UTF-8' encoding to copy filtered properties files.
2022-03-20 22:17:46,041 [Worker-53: Building] INFO  o.e.m.c.i.embedder.EclipseLogger - Copying 1 resource
2022-03-20 22:17:46,043 [Worker-53: Building] INFO  o.e.m.c.i.embedder.EclipseLogger - Copying 0 resource
2022-03-20 22:17:46,044 [Worker-53: Building] INFO  o.e.m.c.i.embedder.EclipseLogger - Using 'UTF-8' encoding to copy filtered resources.
2022-03-20 22:17:46,045 [Worker-53: Building] INFO  o.e.m.c.i.embedder.EclipseLogger - Using 'UTF-8' encoding to copy filtered properties files.
2022-03-20 22:17:46,045 [Worker-53: Building] INFO  o.e.m.c.i.embedder.EclipseLogger - skip non existing resourceDirectory C:\Users\dylan\Documents\Software development course\Archery project\SpringArchery\src\test\resources
2022-03-20 22:18:28,351 [Worker-2: Loading available Gradle versions] INFO  o.e.b.c.i.u.g.PublishedGradleVersions - Gradle version information cache is up-to-date. Trying to read.
2022-03-20 22:25:09,838 [Worker-26: Launching SpringArchery - SpringArcheryApplication] INFO  o.e.m.c.i.embedder.EclipseLogger - Using 'UTF-8' encoding to copy filtered resources.
2022-03-20 22:25:09,838 [Worker-26: Launching SpringArchery - SpringArcheryApplication] INFO  o.e.m.c.i.embedder.EclipseLogger - Using 'UTF-8' encoding to copy filtered properties files.
2022-03-20 22:25:09,841 [Worker-26: Launching SpringArchery - SpringArcheryApplication] INFO  o.e.m.c.i.embedder.EclipseLogger - Copying 3 resources
2022-03-20 22:25:09,865 [Worker-26: Launching SpringArchery - SpringArcheryApplication] INFO  o.e.m.c.i.embedder.EclipseLogger - Copying 0 resource
2022-03-20 22:25:09,868 [Worker-26: Launching SpringArchery - SpringArcheryApplication] INFO  o.e.m.c.i.embedder.EclipseLogger - Using 'UTF-8' encoding to copy filtered resources.
2022-03-20 22:25:09,868 [Worker-26: Launching SpringArchery - SpringArcheryApplication] INFO  o.e.m.c.i.embedder.EclipseLogger - Using 'UTF-8' encoding to copy filtered properties files.
2022-03-20 22:25:09,868 [Worker-26: Launching SpringArchery - SpringArcheryApplication] INFO  o.e.m.c.i.embedder.EclipseLogger - skip non existing resourceDirectory C:\Users\dylan\Documents\Software development course\Archery project\SpringArchery\src\test\resources
2022-03-20 22:25:59,174 [Worker-42: Launching SpringArchery - SpringArcheryApplication] INFO  o.e.m.c.i.embedder.EclipseLogger - Using 'UTF-8' encoding to copy filtered resources.
2022-03-20 22:25:59,175 [Worker-42: Launching SpringArchery - SpringArcheryApplication] INFO  o.e.m.c.i.embedder.EclipseLogger - Using 'UTF-8' encoding to copy filtered properties files.
2022-03-20 22:25:59,176 [Worker-42: Launching SpringArchery - SpringArcheryApplication] INFO  o.e.m.c.i.embedder.EclipseLogger - Copying 1 resource
2022-03-20 22:25:59,183 [Worker-42: Launching SpringArchery - SpringArcheryApplication] INFO  o.e.m.c.i.embedder.EclipseLogger - Copying 0 resource
2022-03-20 22:25:59,186 [Worker-42: Launching SpringArchery - SpringArcheryApplication] INFO  o.e.m.c.i.embedder.EclipseLogger - Using 'UTF-8' encoding to copy filtered resources.
2022-03-20 22:25:59,186 [Worker-42: Launching SpringArchery - SpringArcheryApplication] INFO  o.e.m.c.i.embedder.EclipseLogger - Using 'UTF-8' encoding to copy filtered properties files.
2022-03-20 22:25:59,186 [Worker-42: Launching SpringArchery - SpringArcheryApplication] INFO  o.e.m.c.i.embedder.EclipseLogger - skip non existing resourceDirectory C:\Users\dylan\Documents\Software development course\Archery project\SpringArchery\src\test\resources
2022-03-20 22:26:41,953 [Worker-40: Launching SpringArchery - SpringArcheryApplication] INFO  o.e.m.c.i.embedder.EclipseLogger - Using 'UTF-8' encoding to copy filtered resources.
2022-03-20 22:26:41,954 [Worker-40: Launching SpringArchery - SpringArcheryApplication] INFO  o.e.m.c.i.embedder.EclipseLogger - Using 'UTF-8' encoding to copy filtered properties files.
2022-03-20 22:26:41,954 [Worker-40: Launching SpringArchery - SpringArcheryApplication] INFO  o.e.m.c.i.embedder.EclipseLogger - Copying 1 resource
2022-03-20 22:26:41,958 [Worker-40: Launching SpringArchery - SpringArcheryApplication] INFO  o.e.m.c.i.embedder.EclipseLogger - Copying 0 resource
2022-03-20 22:26:41,960 [Worker-40: Launching SpringArchery - SpringArcheryApplication] INFO  o.e.m.c.i.embedder.EclipseLogger - Using 'UTF-8' encoding to copy filtered resources.
2022-03-20 22:26:41,960 [Worker-40: Launching SpringArchery - SpringArcheryApplication] INFO  o.e.m.c.i.embedder.EclipseLogger - Using 'UTF-8' encoding to copy filtered properties files.
2022-03-20 22:26:41,960 [Worker-40: Launching SpringArchery - SpringArcheryApplication] INFO  o.e.m.c.i.embedder.EclipseLogger - skip non existing resourceDirectory C:\Users\dylan\Documents\Software development course\Archery project\SpringArchery\src\test\resources
2022-03-20 22:32:42,192 [Worker-26: Launching SpringArchery - SpringArcheryApplication] INFO  o.e.m.c.i.embedder.EclipseLogger - Using 'UTF-8' encoding to copy filtered resources.
2022-03-20 22:32:42,192 [Worker-26: Launching SpringArchery - SpringArcheryApplication] INFO  o.e.m.c.i.embedder.EclipseLogger - Using 'UTF-8' encoding to copy filtered properties files.
2022-03-20 22:32:42,194 [Worker-26: Launching SpringArchery - SpringArcheryApplication] INFO  o.e.m.c.i.embedder.EclipseLogger - Copying 3 resources
2022-03-20 22:32:42,209 [Worker-26: Launching SpringArchery - SpringArcheryApplication] INFO  o.e.m.c.i.embedder.EclipseLogger - Copying 0 resource
2022-03-20 22:32:42,210 [Worker-26: Launching SpringArchery - SpringArcheryApplication] INFO  o.e.m.c.i.embedder.EclipseLogger - Using 'UTF-8' encoding to copy filtered resources.
2022-03-20 22:32:42,210 [Worker-26: Launching SpringArchery - SpringArcheryApplication] INFO  o.e.m.c.i.embedder.EclipseLogger - Using 'UTF-8' encoding to copy filtered properties files.
2022-03-20 22:32:42,210 [Worker-26: Launching SpringArchery - SpringArcheryApplication] INFO  o.e.m.c.i.embedder.EclipseLogger - skip non existing resourceDirectory C:\Users\dylan\Documents\Software development course\Archery project\SpringArchery\src\test\resources
2022-03-20 22:39:57,532 [Worker-46: Launching SpringArchery - SpringArcheryApplication] INFO  o.e.m.c.i.embedder.EclipseLogger - Using 'UTF-8' encoding to copy filtered resources.
2022-03-20 22:39:57,532 [Worker-46: Launching SpringArchery - SpringArcheryApplication] INFO  o.e.m.c.i.embedder.EclipseLogger - Using 'UTF-8' encoding to copy filtered properties files.
2022-03-20 22:39:57,532 [Worker-46: Launching SpringArchery - SpringArcheryApplication] INFO  o.e.m.c.i.embedder.EclipseLogger - Copying 2 resources
2022-03-20 22:39:57,539 [Worker-46: Launching SpringArchery - SpringArcheryApplication] INFO  o.e.m.c.i.embedder.EclipseLogger - Copying 0 resource
2022-03-20 22:39:57,541 [Worker-46: Launching SpringArchery - SpringArcheryApplication] INFO  o.e.m.c.i.embedder.EclipseLogger - Using 'UTF-8' encoding to copy filtered resources.
2022-03-20 22:39:57,541 [Worker-46: Launching SpringArchery - SpringArcheryApplication] INFO  o.e.m.c.i.embedder.EclipseLogger - Using 'UTF-8' encoding to copy filtered properties files.
2022-03-20 22:39:57,541 [Worker-46: Launching SpringArchery - SpringArcheryApplication] INFO  o.e.m.c.i.embedder.EclipseLogger - skip non existing resourceDirectory C:\Users\dylan\Documents\Software development course\Archery project\SpringArchery\src\test\resources
2022-03-20 22:51:53,924 [Worker-2: Loading available Gradle versions] INFO  o.e.b.c.i.u.g.PublishedGradleVersions - Gradle version information cache is up-to-date. Trying to read.
2022-03-20 23:04:22,791 [Worker-44: Updating Maven Project] INFO  o.e.m.c.i.p.ProjectConfigurationManager - Update started
2022-03-20 23:04:23,247 [Worker-44: Updating Maven Project] INFO  o.e.m.c.i.l.LifecycleMappingFactory - Using org.eclipse.m2e.jdt.JarLifecycleMapping lifecycle mapping for MavenProject: com.qa:SpringArchery:0.0.1-SNAPSHOT @ C:\Users\dylan\Documents\Software development course\Archery project\SpringArchery\pom.xml.
2022-03-20 23:04:23,663 [Worker-44: Updating Maven Project] INFO  o.e.m.j.i.AbstractJavaProjectConfigurator - Adding source folder /SpringArchery/src/main/java
2022-03-20 23:04:23,663 [Worker-44: Updating Maven Project] INFO  o.e.m.j.i.AbstractJavaProjectConfigurator - Adding resource folder /SpringArchery/src/main/resources
2022-03-20 23:04:23,663 [Worker-44: Updating Maven Project] INFO  o.e.m.j.i.AbstractJavaProjectConfigurator - Adding resource folder /SpringArchery/src/main/resources
2022-03-20 23:04:23,664 [Worker-44: Updating Maven Project] INFO  o.e.m.j.i.AbstractJavaProjectConfigurator - Adding source folder /SpringArchery/src/test/java
2022-03-20 23:04:23,896 [Worker-44: Updating Maven Project] INFO  o.e.m.c.i.p.ProjectConfigurationManager - Update completed: 1 sec
2022-03-20 23:04:24,411 [Worker-47: Building] INFO  o.e.m.c.i.embedder.EclipseLogger - Using 'UTF-8' encoding to copy filtered resources.
2022-03-20 23:04:24,411 [Worker-47: Building] INFO  o.e.m.c.i.embedder.EclipseLogger - Using 'UTF-8' encoding to copy filtered properties files.
2022-03-20 23:04:24,413 [Worker-47: Building] INFO  o.e.m.c.i.embedder.EclipseLogger - Copying 3 resources
2022-03-20 23:04:24,429 [Worker-47: Building] INFO  o.e.m.c.i.embedder.EclipseLogger - Copying 0 resource
2022-03-20 23:04:24,433 [Worker-47: Building] INFO  o.e.m.c.i.embedder.EclipseLogger - Using 'UTF-8' encoding to copy filtered resources.
2022-03-20 23:04:24,433 [Worker-47: Building] INFO  o.e.m.c.i.embedder.EclipseLogger - Using 'UTF-8' encoding to copy filtered properties files.
2022-03-20 23:04:24,433 [Worker-47: Building] INFO  o.e.m.c.i.embedder.EclipseLogger - skip non existing resourceDirectory C:\Users\dylan\Documents\Software development course\Archery project\SpringArchery\src\test\resources
2022-03-20 23:08:42,319 [Worker-52: Launching SpringArchery - SpringArcheryApplication] INFO  o.e.m.c.i.embedder.EclipseLogger - Using 'UTF-8' encoding to copy filtered resources.
2022-03-20 23:08:42,320 [Worker-52: Launching SpringArchery - SpringArcheryApplication] INFO  o.e.m.c.i.embedder.EclipseLogger - Using 'UTF-8' encoding to copy filtered properties files.
2022-03-20 23:08:42,322 [Worker-52: Launching SpringArchery - SpringArcheryApplication] INFO  o.e.m.c.i.embedder.EclipseLogger - Copying 1 resource
2022-03-20 23:08:42,336 [Worker-52: Launching SpringArchery - SpringArcheryApplication] INFO  o.e.m.c.i.embedder.EclipseLogger - Copying 0 resource
2022-03-20 23:08:42,339 [Worker-52: Launching SpringArchery - SpringArcheryApplication] INFO  o.e.m.c.i.embedder.EclipseLogger - Using 'UTF-8' encoding to copy filtered resources.
2022-03-20 23:08:42,339 [Worker-52: Launching SpringArchery - SpringArcheryApplication] INFO  o.e.m.c.i.embedder.EclipseLogger - Using 'UTF-8' encoding to copy filtered properties files.
2022-03-20 23:08:42,339 [Worker-52: Launching SpringArchery - SpringArcheryApplication] INFO  o.e.m.c.i.embedder.EclipseLogger - skip non existing resourceDirectory C:\Users\dylan\Documents\Software development course\Archery project\SpringArchery\src\test\resources
2022-03-20 23:09:42,493 [Worker-45: Launching SpringArchery - SpringArcheryApplication] INFO  o.e.m.c.i.embedder.EclipseLogger - Using 'UTF-8' encoding to copy filtered resources.
2022-03-20 23:09:42,493 [Worker-45: Launching SpringArchery - SpringArcheryApplication] INFO  o.e.m.c.i.embedder.EclipseLogger - Using 'UTF-8' encoding to copy filtered properties files.
2022-03-20 23:09:42,493 [Worker-45: Launching SpringArchery - SpringArcheryApplication] INFO  o.e.m.c.i.embedder.EclipseLogger - Copying 2 resources
2022-03-20 23:09:42,503 [Worker-45: Launching SpringArchery - SpringArcheryApplication] INFO  o.e.m.c.i.embedder.EclipseLogger - Copying 0 resource
2022-03-20 23:09:42,505 [Worker-45: Launching SpringArchery - SpringArcheryApplication] INFO  o.e.m.c.i.embedder.EclipseLogger - Using 'UTF-8' encoding to copy filtered resources.
2022-03-20 23:09:42,505 [Worker-45: Launching SpringArchery - SpringArcheryApplication] INFO  o.e.m.c.i.embedder.EclipseLogger - Using 'UTF-8' encoding to copy filtered properties files.
2022-03-20 23:09:42,505 [Worker-45: Launching SpringArchery - SpringArcheryApplication] INFO  o.e.m.c.i.embedder.EclipseLogger - skip non existing resourceDirectory C:\Users\dylan\Documents\Software development course\Archery project\SpringArchery\src\test\resources
2022-03-20 23:27:18,381 [Worker-64: Launching SpringArchery - SpringArcheryApplication] INFO  o.e.m.c.i.l.LifecycleMappingFactory - Using org.eclipse.m2e.jdt.JarLifecycleMapping lifecycle mapping for MavenProject: com.qa:SpringArchery:0.0.1-SNAPSHOT @ C:\Users\dylan\Documents\Software development course\Archery project\SpringArchery\pom.xml.
2022-03-20 23:27:18,826 [Worker-64: Launching SpringArchery - SpringArcheryApplication] INFO  o.e.m.c.i.embedder.EclipseLogger - Using 'UTF-8' encoding to copy filtered resources.
2022-03-20 23:27:18,826 [Worker-64: Launching SpringArchery - SpringArcheryApplication] INFO  o.e.m.c.i.embedder.EclipseLogger - Using 'UTF-8' encoding to copy filtered properties files.
2022-03-20 23:27:18,827 [Worker-64: Launching SpringArchery - SpringArcheryApplication] INFO  o.e.m.c.i.embedder.EclipseLogger - Copying 0 resource
2022-03-20 23:27:18,827 [Worker-64: Launching SpringArchery - SpringArcheryApplication] INFO  o.e.m.c.i.embedder.EclipseLogger - Copying 0 resource
2022-03-20 23:27:18,829 [Worker-64: Launching SpringArchery - SpringArcheryApplication] INFO  o.e.m.c.i.embedder.EclipseLogger - Using 'UTF-8' encoding to copy filtered resources.
2022-03-20 23:27:18,829 [Worker-64: Launching SpringArchery - SpringArcheryApplication] INFO  o.e.m.c.i.embedder.EclipseLogger - Using 'UTF-8' encoding to copy filtered properties files.
2022-03-20 23:27:18,829 [Worker-64: Launching SpringArchery - SpringArcheryApplication] INFO  o.e.m.c.i.embedder.EclipseLogger - skip non existing resourceDirectory C:\Users\dylan\Documents\Software development course\Archery project\SpringArchery\src\test\resources
2022-03-20 23:27:19,495 [Worker-68: Building] INFO  o.e.m.c.i.embedder.EclipseLogger - Using 'UTF-8' encoding to copy filtered resources.
2022-03-20 23:27:19,495 [Worker-68: Building] INFO  o.e.m.c.i.embedder.EclipseLogger - Using 'UTF-8' encoding to copy filtered properties files.
2022-03-20 23:27:19,497 [Worker-68: Building] INFO  o.e.m.c.i.embedder.EclipseLogger - Copying 3 resources
2022-03-20 23:27:19,513 [Worker-68: Building] INFO  o.e.m.c.i.embedder.EclipseLogger - Copying 0 resource
2022-03-20 23:27:19,515 [Worker-68: Building] INFO  o.e.m.c.i.embedder.EclipseLogger - Using 'UTF-8' encoding to copy filtered resources.
2022-03-20 23:27:19,515 [Worker-68: Building] INFO  o.e.m.c.i.embedder.EclipseLogger - Using 'UTF-8' encoding to copy filtered properties files.
2022-03-20 23:27:19,515 [Worker-68: Building] INFO  o.e.m.c.i.embedder.EclipseLogger - skip non existing resourceDirectory C:\Users\dylan\Documents\Software development course\Archery project\SpringArchery\src\test\resources
2022-03-20 23:27:19,900 [Worker-71: Download sources and javadoc] INFO  o.e.m.c.i.e.AbstractTransferListenerAdapter - Downloading https://repo.maven.apache.org/maven2/nl/jqno/equalsverifier/equalsverifier/3.6/equalsverifier-3.6-sources.jar
2022-03-20 23:27:20,035 [Worker-71: Download sources and javadoc] INFO  o.e.m.c.i.e.AbstractTransferListenerAdapter - Downloaded https://repo.maven.apache.org/maven2/nl/jqno/equalsverifier/equalsverifier/3.6/equalsverifier-3.6-sources.jar
2022-03-20 23:27:20,094 [Worker-71: Download sources and javadoc] INFO  o.e.m.j.internal.DownloadSourcesJob - Downloaded sources for nl.jqno.equalsverifier:equalsverifier:3.6
2022-03-20 23:27:20,232 [Worker-71: Download sources and javadoc] INFO  o.e.m.c.i.e.AbstractTransferListenerAdapter - Downloading https://repo.maven.apache.org/maven2/org/springdoc/springdoc-openapi-ui/1.6.6/springdoc-openapi-ui-1.6.6-sources.jar
2022-03-20 23:27:20,251 [Worker-71: Download sources and javadoc] INFO  o.e.m.c.i.e.AbstractTransferListenerAdapter - Downloaded https://repo.maven.apache.org/maven2/org/springdoc/springdoc-openapi-ui/1.6.6/springdoc-openapi-ui-1.6.6-sources.jar
2022-03-20 23:27:20,304 [Worker-71: Download sources and javadoc] INFO  o.e.m.j.internal.DownloadSourcesJob - Downloaded sources for org.springdoc:springdoc-openapi-ui:1.6.6
2022-03-20 23:27:20,379 [Worker-71: Download sources and javadoc] INFO  o.e.m.c.i.e.AbstractTransferListenerAdapter - Downloading https://repo.maven.apache.org/maven2/org/springdoc/springdoc-openapi-webmvc-core/1.6.6/springdoc-openapi-webmvc-core-1.6.6-sources.jar
2022-03-20 23:27:20,400 [Worker-71: Download sources and javadoc] INFO  o.e.m.c.i.e.AbstractTransferListenerAdapter - Downloaded https://repo.maven.apache.org/maven2/org/springdoc/springdoc-openapi-webmvc-core/1.6.6/springdoc-openapi-webmvc-core-1.6.6-sources.jar
2022-03-20 23:27:20,424 [Worker-71: Download sources and javadoc] INFO  o.e.m.j.internal.DownloadSourcesJob - Downloaded sources for org.springdoc:springdoc-openapi-webmvc-core:1.6.6
2022-03-20 23:27:20,498 [Worker-71: Download sources and javadoc] INFO  o.e.m.c.i.e.AbstractTransferListenerAdapter - Downloading https://repo.maven.apache.org/maven2/org/springdoc/springdoc-openapi-common/1.6.6/springdoc-openapi-common-1.6.6-sources.jar
2022-03-20 23:27:20,564 [Worker-71: Download sources and javadoc] INFO  o.e.m.c.i.e.AbstractTransferListenerAdapter - Downloaded https://repo.maven.apache.org/maven2/org/springdoc/springdoc-openapi-common/1.6.6/springdoc-openapi-common-1.6.6-sources.jar
2022-03-20 23:27:20,590 [Worker-71: Download sources and javadoc] INFO  o.e.m.j.internal.DownloadSourcesJob - Downloaded sources for org.springdoc:springdoc-openapi-common:1.6.6
2022-03-20 23:27:20,677 [Worker-71: Download sources and javadoc] INFO  o.e.m.c.i.e.AbstractTransferListenerAdapter - Downloading https://repo.maven.apache.org/maven2/io/swagger/core/v3/swagger-core/2.1.12/swagger-core-2.1.12-sources.jar
2022-03-20 23:27:20,720 [Worker-71: Download sources and javadoc] INFO  o.e.m.c.i.e.AbstractTransferListenerAdapter - Downloaded https://repo.maven.apache.org/maven2/io/swagger/core/v3/swagger-core/2.1.12/swagger-core-2.1.12-sources.jar
2022-03-20 23:27:20,783 [Worker-71: Download sources and javadoc] INFO  o.e.m.j.internal.DownloadSourcesJob - Downloaded sources for io.swagger.core.v3:swagger-core:2.1.12
2022-03-20 23:27:20,854 [Worker-71: Download sources and javadoc] INFO  o.e.m.c.i.e.AbstractTransferListenerAdapter - Downloading https://repo.maven.apache.org/maven2/org/apache/commons/commons-lang3/3.12.0/commons-lang3-3.12.0-sources.jar
2022-03-20 23:27:20,984 [Worker-71: Download sources and javadoc] INFO  o.e.m.c.i.e.AbstractTransferListenerAdapter - Downloaded https://repo.maven.apache.org/maven2/org/apache/commons/commons-lang3/3.12.0/commons-lang3-3.12.0-sources.jar
2022-03-20 23:27:21,024 [Worker-71: Download sources and javadoc] INFO  o.e.m.j.internal.DownloadSourcesJob - Downloaded sources for org.apache.commons:commons-lang3:3.12.0
2022-03-20 23:27:21,088 [Worker-71: Download sources and javadoc] INFO  o.e.m.c.i.e.AbstractTransferListenerAdapter - Downloading https://repo.maven.apache.org/maven2/com/fasterxml/jackson/dataformat/jackson-dataformat-yaml/2.13.1/jackson-dataformat-yaml-2.13.1-sources.jar
2022-03-20 23:27:21,200 [Worker-71: Download sources and javadoc] INFO  o.e.m.c.i.e.AbstractTransferListenerAdapter - Downloaded https://repo.maven.apache.org/maven2/com/fasterxml/jackson/dataformat/jackson-dataformat-yaml/2.13.1/jackson-dataformat-yaml-2.13.1-sources.jar
2022-03-20 23:27:21,297 [Worker-71: Download sources and javadoc] INFO  o.e.m.j.internal.DownloadSourcesJob - Downloaded sources for com.fasterxml.jackson.dataformat:jackson-dataformat-yaml:2.13.1
2022-03-20 23:27:21,364 [Worker-71: Download sources and javadoc] INFO  o.e.m.c.i.e.AbstractTransferListenerAdapter - Downloading https://repo.maven.apache.org/maven2/io/swagger/core/v3/swagger-annotations/2.1.12/swagger-annotations-2.1.12-sources.jar
2022-03-20 23:27:21,403 [Worker-71: Download sources and javadoc] INFO  o.e.m.c.i.e.AbstractTransferListenerAdapter - Downloaded https://repo.maven.apache.org/maven2/io/swagger/core/v3/swagger-annotations/2.1.12/swagger-annotations-2.1.12-sources.jar
2022-03-20 23:27:21,428 [Worker-71: Download sources and javadoc] INFO  o.e.m.j.internal.DownloadSourcesJob - Downloaded sources for io.swagger.core.v3:swagger-annotations:2.1.12
2022-03-20 23:27:21,493 [Worker-71: Download sources and javadoc] INFO  o.e.m.c.i.e.AbstractTransferListenerAdapter - Downloading https://repo.maven.apache.org/maven2/io/swagger/core/v3/swagger-models/2.1.12/swagger-models-2.1.12-sources.jar
2022-03-20 23:27:21,535 [Worker-71: Download sources and javadoc] INFO  o.e.m.c.i.e.AbstractTransferListenerAdapter - Downloaded https://repo.maven.apache.org/maven2/io/swagger/core/v3/swagger-models/2.1.12/swagger-models-2.1.12-sources.jar
2022-03-20 23:27:21,561 [Worker-71: Download sources and javadoc] INFO  o.e.m.j.internal.DownloadSourcesJob - Downloaded sources for io.swagger.core.v3:swagger-models:2.1.12
2022-03-20 23:27:21,630 [Worker-71: Download sources and javadoc] INFO  o.e.m.c.i.e.AbstractTransferListenerAdapter - Downloaded https://repo.maven.apache.org/maven2/org/webjars/swagger-ui/4.5.0/swagger-ui-4.5.0-sources.jar
2022-03-20 23:27:21,633 [Worker-71: Download sources and javadoc] ERROR o.e.m.j.internal.DownloadSourcesJob - Could not download sources for org.webjars:swagger-ui:4.5.0
org.eclipse.core.runtime.CoreException: Could not resolve artifact org.webjars:swagger-ui:jar:sources:4.5.0
	at org.eclipse.m2e.core.internal.embedder.MavenImpl.lambda$4(MavenImpl.java:828)
	at org.eclipse.m2e.core.internal.embedder.MavenExecutionContext.executeBare(MavenExecutionContext.java:182)
	at org.eclipse.m2e.core.internal.embedder.MavenExecutionContext.execute(MavenExecutionContext.java:117)
	at org.eclipse.m2e.core.internal.embedder.MavenExecutionContext.execute(MavenExecutionContext.java:103)
	at org.eclipse.m2e.core.internal.embedder.MavenImpl.resolve(MavenImpl.java:796)
	at org.eclipse.m2e.core.internal.embedder.MavenImpl.resolve(MavenImpl.java:773)
	at org.eclipse.m2e.jdt.internal.DownloadSourcesJob.download(DownloadSourcesJob.java:311)
	at org.eclipse.m2e.jdt.internal.DownloadSourcesJob.downloadAttachments(DownloadSourcesJob.java:285)
	at org.eclipse.m2e.jdt.internal.DownloadSourcesJob.downloadMaven(DownloadSourcesJob.java:255)
	at org.eclipse.m2e.jdt.internal.DownloadSourcesJob.downloadFilesAndPopulateToUpdate(DownloadSourcesJob.java:223)
	at org.eclipse.m2e.jdt.internal.DownloadSourcesJob.lambda$0(DownloadSourcesJob.java:152)
	at org.eclipse.m2e.core.internal.embedder.MavenExecutionContext.executeBare(MavenExecutionContext.java:182)
	at org.eclipse.m2e.core.internal.embedder.MavenExecutionContext.execute(MavenExecutionContext.java:156)
	at org.eclipse.m2e.core.internal.embedder.MavenExecutionContext.execute(MavenExecutionContext.java:103)
	at org.eclipse.m2e.core.internal.embedder.MavenImpl.execute(MavenImpl.java:1416)
	at org.eclipse.m2e.jdt.internal.DownloadSourcesJob.run(DownloadSourcesJob.java:152)
	at org.eclipse.core.internal.jobs.Worker.run(Worker.java:63)
2022-03-20 23:27:21,700 [Worker-71: Download sources and javadoc] INFO  o.e.m.c.i.e.AbstractTransferListenerAdapter - Downloading https://repo.maven.apache.org/maven2/org/webjars/webjars-locator-core/0.48/webjars-locator-core-0.48-sources.jar
2022-03-20 23:27:21,725 [Worker-71: Download sources and javadoc] INFO  o.e.m.c.i.e.AbstractTransferListenerAdapter - Downloaded https://repo.maven.apache.org/maven2/org/webjars/webjars-locator-core/0.48/webjars-locator-core-0.48-sources.jar
2022-03-20 23:27:21,764 [Worker-71: Download sources and javadoc] INFO  o.e.m.j.internal.DownloadSourcesJob - Downloaded sources for org.webjars:webjars-locator-core:0.48
2022-03-20 23:27:21,830 [Worker-71: Download sources and javadoc] INFO  o.e.m.c.i.e.AbstractTransferListenerAdapter - Downloading https://repo.maven.apache.org/maven2/io/github/classgraph/classgraph/4.8.138/classgraph-4.8.138-sources.jar
2022-03-20 23:27:21,931 [Worker-71: Download sources and javadoc] INFO  o.e.m.c.i.e.AbstractTransferListenerAdapter - Downloaded https://repo.maven.apache.org/maven2/io/github/classgraph/classgraph/4.8.138/classgraph-4.8.138-sources.jar
2022-03-20 23:27:21,969 [Worker-71: Download sources and javadoc] INFO  o.e.m.j.internal.DownloadSourcesJob - Downloaded sources for io.github.classgraph:classgraph:4.8.138
2022-03-20 23:27:22,317 [Worker-71: Building] INFO  o.e.m.c.i.embedder.EclipseLogger - Using 'UTF-8' encoding to copy filtered resources.
2022-03-20 23:27:22,317 [Worker-71: Building] INFO  o.e.m.c.i.embedder.EclipseLogger - Using 'UTF-8' encoding to copy filtered properties files.
2022-03-20 23:27:22,317 [Worker-71: Building] INFO  o.e.m.c.i.embedder.EclipseLogger - Copying 0 resource
2022-03-20 23:27:22,317 [Worker-71: Building] INFO  o.e.m.c.i.embedder.EclipseLogger - Copying 0 resource
2022-03-20 23:27:22,318 [Worker-71: Building] INFO  o.e.m.c.i.embedder.EclipseLogger - Using 'UTF-8' encoding to copy filtered resources.
2022-03-20 23:27:22,318 [Worker-71: Building] INFO  o.e.m.c.i.embedder.EclipseLogger - Using 'UTF-8' encoding to copy filtered properties files.
2022-03-20 23:27:22,318 [Worker-71: Building] INFO  o.e.m.c.i.embedder.EclipseLogger - skip non existing resourceDirectory C:\Users\dylan\Documents\Software development course\Archery project\SpringArchery\src\test\resources
2022-03-21 00:13:03,746 [Worker-78: Launching SpringArchery - SpringArcheryApplication] INFO  o.e.m.c.i.embedder.EclipseLogger - Using 'UTF-8' encoding to copy filtered resources.
2022-03-21 00:13:03,746 [Worker-78: Launching SpringArchery - SpringArcheryApplication] INFO  o.e.m.c.i.embedder.EclipseLogger - Using 'UTF-8' encoding to copy filtered properties files.
2022-03-21 00:13:03,747 [Worker-78: Launching SpringArchery - SpringArcheryApplication] INFO  o.e.m.c.i.embedder.EclipseLogger - Copying 1 resource
2022-03-21 00:13:03,782 [Worker-78: Launching SpringArchery - SpringArcheryApplication] INFO  o.e.m.c.i.embedder.EclipseLogger - Copying 0 resource
2022-03-21 00:13:03,784 [Worker-78: Launching SpringArchery - SpringArcheryApplication] INFO  o.e.m.c.i.embedder.EclipseLogger - Using 'UTF-8' encoding to copy filtered resources.
2022-03-21 00:13:03,784 [Worker-78: Launching SpringArchery - SpringArcheryApplication] INFO  o.e.m.c.i.embedder.EclipseLogger - Using 'UTF-8' encoding to copy filtered properties files.
2022-03-21 00:13:03,784 [Worker-78: Launching SpringArchery - SpringArcheryApplication] INFO  o.e.m.c.i.embedder.EclipseLogger - skip non existing resourceDirectory C:\Users\dylan\Documents\Software development course\Archery project\SpringArchery\src\test\resources
2022-03-21 00:13:06,572 [Worker-78: Download sources and javadoc] INFO  o.e.m.c.i.e.AbstractTransferListenerAdapter - Downloading https://repo.maven.apache.org/maven2/org/webjars/swagger-ui/4.5.0/swagger-ui-4.5.0-javadoc.jar
2022-03-21 00:13:07,390 [Worker-78: Download sources and javadoc] INFO  o.e.m.c.i.e.AbstractTransferListenerAdapter - Downloaded https://repo.maven.apache.org/maven2/org/webjars/swagger-ui/4.5.0/swagger-ui-4.5.0-javadoc.jar
2022-03-21 00:13:07,417 [Worker-78: Download sources and javadoc] INFO  o.e.m.j.internal.DownloadSourcesJob - Downloaded javadoc for org.webjars:swagger-ui:4.5.0
2022-03-21 00:13:07,751 [Worker-78: Building] INFO  o.e.m.c.i.embedder.EclipseLogger - Using 'UTF-8' encoding to copy filtered resources.
2022-03-21 00:13:07,751 [Worker-78: Building] INFO  o.e.m.c.i.embedder.EclipseLogger - Using 'UTF-8' encoding to copy filtered properties files.
2022-03-21 00:13:07,751 [Worker-78: Building] INFO  o.e.m.c.i.embedder.EclipseLogger - Copying 0 resource
2022-03-21 00:13:07,751 [Worker-78: Building] INFO  o.e.m.c.i.embedder.EclipseLogger - Copying 0 resource
2022-03-21 00:13:07,752 [Worker-78: Building] INFO  o.e.m.c.i.embedder.EclipseLogger - Using 'UTF-8' encoding to copy filtered resources.
2022-03-21 00:13:07,752 [Worker-78: Building] INFO  o.e.m.c.i.embedder.EclipseLogger - Using 'UTF-8' encoding to copy filtered properties files.
2022-03-21 00:13:07,752 [Worker-78: Building] INFO  o.e.m.c.i.embedder.EclipseLogger - skip non existing resourceDirectory C:\Users\dylan\Documents\Software development course\Archery project\SpringArchery\src\test\resources
2022-03-21 00:14:31,046 [Worker-80: Updating Maven Project] INFO  o.e.m.c.i.p.ProjectConfigurationManager - Update started
2022-03-21 00:14:31,277 [Worker-80: Updating Maven Project] INFO  o.e.m.c.i.l.LifecycleMappingFactory - Using org.eclipse.m2e.jdt.JarLifecycleMapping lifecycle mapping for MavenProject: com.qa:SpringArchery:0.0.1-SNAPSHOT @ C:\Users\dylan\Documents\Software development course\Archery project\SpringArchery\pom.xml.
2022-03-21 00:14:31,702 [Worker-80: Updating Maven Project] INFO  o.e.m.j.i.AbstractJavaProjectConfigurator - Adding source folder /SpringArchery/src/main/java
2022-03-21 00:14:31,702 [Worker-80: Updating Maven Project] INFO  o.e.m.j.i.AbstractJavaProjectConfigurator - Adding resource folder /SpringArchery/src/main/resources
2022-03-21 00:14:31,702 [Worker-80: Updating Maven Project] INFO  o.e.m.j.i.AbstractJavaProjectConfigurator - Adding resource folder /SpringArchery/src/main/resources
2022-03-21 00:14:31,702 [Worker-80: Updating Maven Project] INFO  o.e.m.j.i.AbstractJavaProjectConfigurator - Adding source folder /SpringArchery/src/test/java
2022-03-21 00:14:31,890 [Worker-80: Updating Maven Project] INFO  o.e.m.c.i.p.ProjectConfigurationManager - Update completed: 0 sec
2022-03-21 00:14:32,379 [Worker-82: Building] INFO  o.e.m.c.i.embedder.EclipseLogger - Using 'UTF-8' encoding to copy filtered resources.
2022-03-21 00:14:32,380 [Worker-82: Building] INFO  o.e.m.c.i.embedder.EclipseLogger - Using 'UTF-8' encoding to copy filtered properties files.
2022-03-21 00:14:32,380 [Worker-82: Building] INFO  o.e.m.c.i.embedder.EclipseLogger - Copying 3 resources
2022-03-21 00:14:32,390 [Worker-82: Building] INFO  o.e.m.c.i.embedder.EclipseLogger - Copying 0 resource
2022-03-21 00:14:32,392 [Worker-82: Building] INFO  o.e.m.c.i.embedder.EclipseLogger - Using 'UTF-8' encoding to copy filtered resources.
2022-03-21 00:14:32,392 [Worker-82: Building] INFO  o.e.m.c.i.embedder.EclipseLogger - Using 'UTF-8' encoding to copy filtered properties files.
2022-03-21 00:14:32,392 [Worker-82: Building] INFO  o.e.m.c.i.embedder.EclipseLogger - skip non existing resourceDirectory C:\Users\dylan\Documents\Software development course\Archery project\SpringArchery\src\test\resources
2022-03-21 00:17:37,313 [Worker-77: Launching SpringArchery - SpringArcheryApplication] INFO  o.e.m.c.i.l.LifecycleMappingFactory - Using org.eclipse.m2e.jdt.JarLifecycleMapping lifecycle mapping for MavenProject: com.qa:SpringArchery:0.0.1-SNAPSHOT @ C:\Users\dylan\Documents\Software development course\Archery project\SpringArchery\pom.xml.
2022-03-21 00:17:37,675 [Worker-77: Launching SpringArchery - SpringArcheryApplication] INFO  o.e.m.c.i.embedder.EclipseLogger - Using 'UTF-8' encoding to copy filtered resources.
2022-03-21 00:17:37,675 [Worker-77: Launching SpringArchery - SpringArcheryApplication] INFO  o.e.m.c.i.embedder.EclipseLogger - Using 'UTF-8' encoding to copy filtered properties files.
2022-03-21 00:17:37,676 [Worker-77: Launching SpringArchery - SpringArcheryApplication] INFO  o.e.m.c.i.embedder.EclipseLogger - Copying 2 resources
2022-03-21 00:17:37,686 [Worker-77: Launching SpringArchery - SpringArcheryApplication] INFO  o.e.m.c.i.embedder.EclipseLogger - Copying 0 resource
2022-03-21 00:17:37,687 [Worker-77: Launching SpringArchery - SpringArcheryApplication] INFO  o.e.m.c.i.embedder.EclipseLogger - Using 'UTF-8' encoding to copy filtered resources.
2022-03-21 00:17:37,687 [Worker-77: Launching SpringArchery - SpringArcheryApplication] INFO  o.e.m.c.i.embedder.EclipseLogger - Using 'UTF-8' encoding to copy filtered properties files.
2022-03-21 00:17:37,688 [Worker-77: Launching SpringArchery - SpringArcheryApplication] INFO  o.e.m.c.i.embedder.EclipseLogger - skip non existing resourceDirectory C:\Users\dylan\Documents\Software development course\Archery project\SpringArchery\src\test\resources
2022-03-21 00:17:38,128 [Worker-85: Building] INFO  o.e.m.c.i.embedder.EclipseLogger - Using 'UTF-8' encoding to copy filtered resources.
2022-03-21 00:17:38,128 [Worker-85: Building] INFO  o.e.m.c.i.embedder.EclipseLogger - Using 'UTF-8' encoding to copy filtered properties files.
2022-03-21 00:17:38,129 [Worker-85: Building] INFO  o.e.m.c.i.embedder.EclipseLogger - Copying 3 resources
2022-03-21 00:17:38,134 [Worker-85: Building] INFO  o.e.m.c.i.embedder.EclipseLogger - Copying 0 resource
2022-03-21 00:17:38,135 [Worker-85: Building] INFO  o.e.m.c.i.embedder.EclipseLogger - Using 'UTF-8' encoding to copy filtered resources.
2022-03-21 00:17:38,135 [Worker-85: Building] INFO  o.e.m.c.i.embedder.EclipseLogger - Using 'UTF-8' encoding to copy filtered properties files.
2022-03-21 00:17:38,135 [Worker-85: Building] INFO  o.e.m.c.i.embedder.EclipseLogger - skip non existing resourceDirectory C:\Users\dylan\Documents\Software development course\Archery project\SpringArchery\src\test\resources
2022-03-21 00:19:42,525 [Worker-89: Building] INFO  o.e.m.c.i.embedder.EclipseLogger - Using 'UTF-8' encoding to copy filtered resources.
2022-03-21 00:19:42,525 [Worker-89: Building] INFO  o.e.m.c.i.embedder.EclipseLogger - Using 'UTF-8' encoding to copy filtered properties files.
2022-03-21 00:19:42,526 [Worker-89: Building] INFO  o.e.m.c.i.embedder.EclipseLogger - Copying 3 resources
2022-03-21 00:19:42,534 [Worker-89: Building] INFO  o.e.m.c.i.embedder.EclipseLogger - Copying 0 resource
2022-03-21 00:19:42,535 [Worker-89: Building] INFO  o.e.m.c.i.embedder.EclipseLogger - Using 'UTF-8' encoding to copy filtered resources.
2022-03-21 00:19:42,535 [Worker-89: Building] INFO  o.e.m.c.i.embedder.EclipseLogger - Using 'UTF-8' encoding to copy filtered properties files.
2022-03-21 00:19:42,535 [Worker-89: Building] INFO  o.e.m.c.i.embedder.EclipseLogger - skip non existing resourceDirectory C:\Users\dylan\Documents\Software development course\Archery project\SpringArchery\src\test\resources
2022-03-21 00:20:09,153 [Worker-85: Launching SpringArchery - SpringArcheryApplication] INFO  o.e.m.c.i.embedder.EclipseLogger - Using 'UTF-8' encoding to copy filtered resources.
2022-03-21 00:20:09,153 [Worker-85: Launching SpringArchery - SpringArcheryApplication] INFO  o.e.m.c.i.embedder.EclipseLogger - Using 'UTF-8' encoding to copy filtered properties files.
2022-03-21 00:20:09,154 [Worker-85: Launching SpringArchery - SpringArcheryApplication] INFO  o.e.m.c.i.embedder.EclipseLogger - Copying 1 resource
2022-03-21 00:20:09,156 [Worker-85: Launching SpringArchery - SpringArcheryApplication] INFO  o.e.m.c.i.embedder.EclipseLogger - Copying 0 resource
2022-03-21 00:20:09,157 [Worker-85: Launching SpringArchery - SpringArcheryApplication] INFO  o.e.m.c.i.embedder.EclipseLogger - Using 'UTF-8' encoding to copy filtered resources.
2022-03-21 00:20:09,157 [Worker-85: Launching SpringArchery - SpringArcheryApplication] INFO  o.e.m.c.i.embedder.EclipseLogger - Using 'UTF-8' encoding to copy filtered properties files.
2022-03-21 00:20:09,157 [Worker-85: Launching SpringArchery - SpringArcheryApplication] INFO  o.e.m.c.i.embedder.EclipseLogger - skip non existing resourceDirectory C:\Users\dylan\Documents\Software development course\Archery project\SpringArchery\src\test\resources
2022-03-21 00:23:34,249 [Worker-93: Updating Maven Project] INFO  o.e.m.c.i.p.ProjectConfigurationManager - Update started
2022-03-21 00:23:34,452 [Worker-93: Updating Maven Project] INFO  o.e.m.c.i.l.LifecycleMappingFactory - Using org.eclipse.m2e.jdt.JarLifecycleMapping lifecycle mapping for MavenProject: com.qa:SpringArchery:0.0.1-SNAPSHOT @ C:\Users\dylan\Documents\Software development course\Archery project\SpringArchery\pom.xml.
2022-03-21 00:23:34,777 [Worker-93: Updating Maven Project] INFO  o.e.m.j.i.AbstractJavaProjectConfigurator - Adding source folder /SpringArchery/src/main/java
2022-03-21 00:23:34,778 [Worker-93: Updating Maven Project] INFO  o.e.m.j.i.AbstractJavaProjectConfigurator - Adding resource folder /SpringArchery/src/main/resources
2022-03-21 00:23:34,778 [Worker-93: Updating Maven Project] INFO  o.e.m.j.i.AbstractJavaProjectConfigurator - Adding resource folder /SpringArchery/src/main/resources
2022-03-21 00:23:34,778 [Worker-93: Updating Maven Project] INFO  o.e.m.j.i.AbstractJavaProjectConfigurator - Adding source folder /SpringArchery/src/test/java
2022-03-21 00:23:34,953 [Worker-93: Updating Maven Project] INFO  o.e.m.c.i.p.ProjectConfigurationManager - Update completed: 0 sec
2022-03-21 00:23:35,326 [Worker-95: Building] INFO  o.e.m.c.i.embedder.EclipseLogger - Using 'UTF-8' encoding to copy filtered resources.
2022-03-21 00:23:35,326 [Worker-95: Building] INFO  o.e.m.c.i.embedder.EclipseLogger - Using 'UTF-8' encoding to copy filtered properties files.
2022-03-21 00:23:35,326 [Worker-95: Building] INFO  o.e.m.c.i.embedder.EclipseLogger - Copying 3 resources
2022-03-21 00:23:35,338 [Worker-95: Building] INFO  o.e.m.c.i.embedder.EclipseLogger - Copying 0 resource
2022-03-21 00:23:35,340 [Worker-95: Building] INFO  o.e.m.c.i.embedder.EclipseLogger - Using 'UTF-8' encoding to copy filtered resources.
2022-03-21 00:23:35,340 [Worker-95: Building] INFO  o.e.m.c.i.embedder.EclipseLogger - Using 'UTF-8' encoding to copy filtered properties files.
2022-03-21 00:23:35,340 [Worker-95: Building] INFO  o.e.m.c.i.embedder.EclipseLogger - skip non existing resourceDirectory C:\Users\dylan\Documents\Software development course\Archery project\SpringArchery\src\test\resources
2022-03-21 00:23:40,955 [Worker-93: Launching SpringArchery - SpringArcheryApplication] INFO  o.e.m.c.i.embedder.EclipseLogger - Using 'UTF-8' encoding to copy filtered resources.
2022-03-21 00:23:40,956 [Worker-93: Launching SpringArchery - SpringArcheryApplication] INFO  o.e.m.c.i.embedder.EclipseLogger - Using 'UTF-8' encoding to copy filtered properties files.
2022-03-21 00:23:40,957 [Worker-93: Launching SpringArchery - SpringArcheryApplication] INFO  o.e.m.c.i.embedder.EclipseLogger - Copying 3 resources
2022-03-21 00:23:40,970 [Worker-93: Launching SpringArchery - SpringArcheryApplication] INFO  o.e.m.c.i.embedder.EclipseLogger - Copying 0 resource
2022-03-21 00:23:40,972 [Worker-93: Launching SpringArchery - SpringArcheryApplication] INFO  o.e.m.c.i.embedder.EclipseLogger - Using 'UTF-8' encoding to copy filtered resources.
2022-03-21 00:23:40,972 [Worker-93: Launching SpringArchery - SpringArcheryApplication] INFO  o.e.m.c.i.embedder.EclipseLogger - Using 'UTF-8' encoding to copy filtered properties files.
2022-03-21 00:23:40,972 [Worker-93: Launching SpringArchery - SpringArcheryApplication] INFO  o.e.m.c.i.embedder.EclipseLogger - skip non existing resourceDirectory C:\Users\dylan\Documents\Software development course\Archery project\SpringArchery\src\test\resources
2022-03-21 00:24:32,030 [Worker-94: Launching SpringArchery - SpringArcheryApplication] INFO  o.e.m.c.i.l.LifecycleMappingFactory - Using org.eclipse.m2e.jdt.JarLifecycleMapping lifecycle mapping for MavenProject: com.qa:SpringArchery:0.0.1-SNAPSHOT @ C:\Users\dylan\Documents\Software development course\Archery project\SpringArchery\pom.xml.
2022-03-21 00:24:32,426 [Worker-94: Launching SpringArchery - SpringArcheryApplication] INFO  o.e.m.c.i.embedder.EclipseLogger - Using 'UTF-8' encoding to copy filtered resources.
2022-03-21 00:24:32,426 [Worker-94: Launching SpringArchery - SpringArcheryApplication] INFO  o.e.m.c.i.embedder.EclipseLogger - Using 'UTF-8' encoding to copy filtered properties files.
2022-03-21 00:24:32,427 [Worker-94: Launching SpringArchery - SpringArcheryApplication] INFO  o.e.m.c.i.embedder.EclipseLogger - Copying 0 resource
2022-03-21 00:24:32,427 [Worker-94: Launching SpringArchery - SpringArcheryApplication] INFO  o.e.m.c.i.embedder.EclipseLogger - Copying 0 resource
2022-03-21 00:24:32,429 [Worker-94: Launching SpringArchery - SpringArcheryApplication] INFO  o.e.m.c.i.embedder.EclipseLogger - Using 'UTF-8' encoding to copy filtered resources.
2022-03-21 00:24:32,429 [Worker-94: Launching SpringArchery - SpringArcheryApplication] INFO  o.e.m.c.i.embedder.EclipseLogger - Using 'UTF-8' encoding to copy filtered properties files.
2022-03-21 00:24:32,429 [Worker-94: Launching SpringArchery - SpringArcheryApplication] INFO  o.e.m.c.i.embedder.EclipseLogger - skip non existing resourceDirectory C:\Users\dylan\Documents\Software development course\Archery project\SpringArchery\src\test\resources
2022-03-21 00:24:32,782 [Worker-98: Building] INFO  o.e.m.c.i.embedder.EclipseLogger - Using 'UTF-8' encoding to copy filtered resources.
2022-03-21 00:24:32,782 [Worker-98: Building] INFO  o.e.m.c.i.embedder.EclipseLogger - Using 'UTF-8' encoding to copy filtered properties files.
2022-03-21 00:24:32,783 [Worker-98: Building] INFO  o.e.m.c.i.embedder.EclipseLogger - Copying 3 resources
2022-03-21 00:24:32,797 [Worker-98: Building] INFO  o.e.m.c.i.embedder.EclipseLogger - Copying 0 resource
2022-03-21 00:24:32,799 [Worker-98: Building] INFO  o.e.m.c.i.embedder.EclipseLogger - Using 'UTF-8' encoding to copy filtered resources.
2022-03-21 00:24:32,799 [Worker-98: Building] INFO  o.e.m.c.i.embedder.EclipseLogger - Using 'UTF-8' encoding to copy filtered properties files.
2022-03-21 00:24:32,799 [Worker-98: Building] INFO  o.e.m.c.i.embedder.EclipseLogger - skip non existing resourceDirectory C:\Users\dylan\Documents\Software development course\Archery project\SpringArchery\src\test\resources
2022-03-21 00:25:38,666 [Worker-93: Launching SpringArchery - SpringArcheryApplication] INFO  o.e.m.c.i.embedder.EclipseLogger - Using 'UTF-8' encoding to copy filtered resources.
2022-03-21 00:25:38,666 [Worker-93: Launching SpringArchery - SpringArcheryApplication] INFO  o.e.m.c.i.embedder.EclipseLogger - Using 'UTF-8' encoding to copy filtered properties files.
2022-03-21 00:25:38,667 [Worker-93: Launching SpringArchery - SpringArcheryApplication] INFO  o.e.m.c.i.embedder.EclipseLogger - Copying 3 resources
2022-03-21 00:25:38,676 [Worker-93: Launching SpringArchery - SpringArcheryApplication] INFO  o.e.m.c.i.embedder.EclipseLogger - Copying 0 resource
2022-03-21 00:25:38,677 [Worker-93: Launching SpringArchery - SpringArcheryApplication] INFO  o.e.m.c.i.embedder.EclipseLogger - Using 'UTF-8' encoding to copy filtered resources.
2022-03-21 00:25:38,677 [Worker-93: Launching SpringArchery - SpringArcheryApplication] INFO  o.e.m.c.i.embedder.EclipseLogger - Using 'UTF-8' encoding to copy filtered properties files.
2022-03-21 00:25:38,677 [Worker-93: Launching SpringArchery - SpringArcheryApplication] INFO  o.e.m.c.i.embedder.EclipseLogger - skip non existing resourceDirectory C:\Users\dylan\Documents\Software development course\Archery project\SpringArchery\src\test\resources
2022-03-21 00:26:36,942 [Worker-95: Import Getting Started Content] INFO  o.e.m.c.i.l.LifecycleMappingFactory - Using org.eclipse.m2e.jdt.JarLifecycleMapping lifecycle mapping for MavenProject: com.qa:SpringArchery:0.0.1-SNAPSHOT @ C:\Users\dylan\Documents\Software development course\Archery project\SpringArchery\pom.xml.
2022-03-21 00:26:37,206 [Worker-95: Import Getting Started Content] INFO  o.e.m.j.i.AbstractJavaProjectConfigurator - Adding source folder /SpringArchery/src/main/java
2022-03-21 00:26:37,206 [Worker-95: Import Getting Started Content] INFO  o.e.m.j.i.AbstractJavaProjectConfigurator - Adding resource folder /SpringArchery/src/main/resources
2022-03-21 00:26:37,208 [Worker-95: Import Getting Started Content] INFO  o.e.m.j.i.AbstractJavaProjectConfigurator - Adding resource folder /SpringArchery/src/main/resources
2022-03-21 00:26:37,211 [Worker-95: Import Getting Started Content] INFO  o.e.m.j.i.AbstractJavaProjectConfigurator - Adding source folder /SpringArchery/src/test/java
2022-03-21 00:26:37,392 [Worker-95: Import Getting Started Content] INFO  o.e.m.c.i.p.ProjectConfigurationManager - Imported and configured 1 project(s) in 0 sec
2022-03-21 00:26:37,393 [Worker-95: Import Getting Started Content] INFO  o.e.m.c.i.p.ProjectConfigurationManager - Update started
2022-03-21 00:26:37,605 [Worker-95: Import Getting Started Content] INFO  o.e.m.c.i.l.LifecycleMappingFactory - Using org.eclipse.m2e.jdt.JarLifecycleMapping lifecycle mapping for MavenProject: com.qa:SpringArchery:0.0.1-SNAPSHOT @ C:\Users\dylan\Documents\Software development course\Archery project\SpringArchery\pom.xml.
2022-03-21 00:26:37,918 [Worker-95: Import Getting Started Content] INFO  o.e.m.j.i.AbstractJavaProjectConfigurator - Adding source folder /SpringArchery/src/main/java
2022-03-21 00:26:37,918 [Worker-95: Import Getting Started Content] INFO  o.e.m.j.i.AbstractJavaProjectConfigurator - Adding resource folder /SpringArchery/src/main/resources
2022-03-21 00:26:37,918 [Worker-95: Import Getting Started Content] INFO  o.e.m.j.i.AbstractJavaProjectConfigurator - Adding resource folder /SpringArchery/src/main/resources
2022-03-21 00:26:37,919 [Worker-95: Import Getting Started Content] INFO  o.e.m.j.i.AbstractJavaProjectConfigurator - Adding source folder /SpringArchery/src/test/java
2022-03-21 00:26:38,093 [Worker-95: Import Getting Started Content] INFO  o.e.m.c.i.p.ProjectConfigurationManager - Update completed: 0 sec
2022-03-21 00:26:38,495 [Worker-96: Building] INFO  o.e.m.c.i.embedder.EclipseLogger - Using 'UTF-8' encoding to copy filtered resources.
2022-03-21 00:26:38,495 [Worker-96: Building] INFO  o.e.m.c.i.embedder.EclipseLogger - Using 'UTF-8' encoding to copy filtered properties files.
2022-03-21 00:26:38,495 [Worker-96: Building] INFO  o.e.m.c.i.embedder.EclipseLogger - Copying 1 resource
2022-03-21 00:26:38,503 [Worker-96: Building] INFO  o.e.m.c.i.embedder.EclipseLogger - Copying 0 resource
2022-03-21 00:26:38,505 [Worker-96: Building] INFO  o.e.m.c.i.embedder.EclipseLogger - Using 'UTF-8' encoding to copy filtered resources.
2022-03-21 00:26:38,505 [Worker-96: Building] INFO  o.e.m.c.i.embedder.EclipseLogger - Using 'UTF-8' encoding to copy filtered properties files.
2022-03-21 00:26:38,505 [Worker-96: Building] INFO  o.e.m.c.i.embedder.EclipseLogger - skip non existing resourceDirectory C:\Users\dylan\Documents\Software development course\Archery project\SpringArchery\src\test\resources
2022-03-21 00:27:09,384 [Worker-97: Building] INFO  o.e.m.c.i.embedder.EclipseLogger - Using 'UTF-8' encoding to copy filtered resources.
2022-03-21 00:27:09,385 [Worker-97: Building] INFO  o.e.m.c.i.embedder.EclipseLogger - Using 'UTF-8' encoding to copy filtered properties files.
2022-03-21 00:27:09,386 [Worker-97: Building] INFO  o.e.m.c.i.embedder.EclipseLogger - Copying 1 resource
2022-03-21 00:27:09,388 [Worker-97: Building] INFO  o.e.m.c.i.embedder.EclipseLogger - Copying 0 resource
2022-03-21 00:27:09,389 [Worker-97: Building] INFO  o.e.m.c.i.embedder.EclipseLogger - Using 'UTF-8' encoding to copy filtered resources.
2022-03-21 00:27:09,389 [Worker-97: Building] INFO  o.e.m.c.i.embedder.EclipseLogger - Using 'UTF-8' encoding to copy filtered properties files.
2022-03-21 00:27:09,389 [Worker-97: Building] INFO  o.e.m.c.i.embedder.EclipseLogger - skip non existing resourceDirectory C:\Users\dylan\Documents\Software development course\Archery project\SpringArchery\src\test\resources
2022-03-21 00:28:22,798 [Worker-93: Building] INFO  o.e.m.c.i.embedder.EclipseLogger - Using 'UTF-8' encoding to copy filtered resources.
2022-03-21 00:28:22,799 [Worker-93: Building] INFO  o.e.m.c.i.embedder.EclipseLogger - Using 'UTF-8' encoding to copy filtered properties files.
2022-03-21 00:28:22,799 [Worker-93: Building] INFO  o.e.m.c.i.embedder.EclipseLogger - Copying 1 resource
2022-03-21 00:28:22,802 [Worker-93: Building] INFO  o.e.m.c.i.embedder.EclipseLogger - Copying 0 resource
2022-03-21 00:28:22,804 [Worker-93: Building] INFO  o.e.m.c.i.embedder.EclipseLogger - Using 'UTF-8' encoding to copy filtered resources.
2022-03-21 00:28:22,804 [Worker-93: Building] INFO  o.e.m.c.i.embedder.EclipseLogger - Using 'UTF-8' encoding to copy filtered properties files.
2022-03-21 00:28:22,804 [Worker-93: Building] INFO  o.e.m.c.i.embedder.EclipseLogger - skip non existing resourceDirectory C:\Users\dylan\Documents\Software development course\Archery project\SpringArchery\src\test\resources
2022-03-21 00:30:02,385 [Worker-99: Building] INFO  o.e.m.c.i.embedder.EclipseLogger - Using 'UTF-8' encoding to copy filtered resources.
2022-03-21 00:30:02,385 [Worker-99: Building] INFO  o.e.m.c.i.embedder.EclipseLogger - Using 'UTF-8' encoding to copy filtered properties files.
2022-03-21 00:30:02,385 [Worker-99: Building] INFO  o.e.m.c.i.embedder.EclipseLogger - Copying 1 resource
2022-03-21 00:30:02,386 [Worker-99: Building] INFO  o.e.m.c.i.embedder.EclipseLogger - Copying 0 resource
2022-03-21 00:30:02,387 [Worker-99: Building] INFO  o.e.m.c.i.embedder.EclipseLogger - Using 'UTF-8' encoding to copy filtered resources.
2022-03-21 00:30:02,387 [Worker-99: Building] INFO  o.e.m.c.i.embedder.EclipseLogger - Using 'UTF-8' encoding to copy filtered properties files.
2022-03-21 00:30:02,387 [Worker-99: Building] INFO  o.e.m.c.i.embedder.EclipseLogger - skip non existing resourceDirectory C:\Users\dylan\Documents\Software development course\Archery project\SpringArchery\src\test\resources
2022-03-21 00:30:15,482 [Worker-97: Building] INFO  o.e.m.c.i.embedder.EclipseLogger - Using 'UTF-8' encoding to copy filtered resources.
2022-03-21 00:30:15,483 [Worker-97: Building] INFO  o.e.m.c.i.embedder.EclipseLogger - Using 'UTF-8' encoding to copy filtered properties files.
2022-03-21 00:30:15,483 [Worker-97: Building] INFO  o.e.m.c.i.embedder.EclipseLogger - Copying 1 resource
2022-03-21 00:30:15,484 [Worker-97: Building] INFO  o.e.m.c.i.embedder.EclipseLogger - Copying 0 resource
2022-03-21 00:30:15,485 [Worker-97: Building] INFO  o.e.m.c.i.embedder.EclipseLogger - Using 'UTF-8' encoding to copy filtered resources.
2022-03-21 00:30:15,485 [Worker-97: Building] INFO  o.e.m.c.i.embedder.EclipseLogger - Using 'UTF-8' encoding to copy filtered properties files.
2022-03-21 00:30:15,485 [Worker-97: Building] INFO  o.e.m.c.i.embedder.EclipseLogger - skip non existing resourceDirectory C:\Users\dylan\Documents\Software development course\Archery project\SpringArchery\src\test\resources
2022-03-21 00:31:40,199 [Worker-97: Launching SpringArchery - SpringArcheryApplication] INFO  o.e.m.c.i.embedder.EclipseLogger - Using 'UTF-8' encoding to copy filtered resources.
2022-03-21 00:31:40,199 [Worker-97: Launching SpringArchery - SpringArcheryApplication] INFO  o.e.m.c.i.embedder.EclipseLogger - Using 'UTF-8' encoding to copy filtered properties files.
2022-03-21 00:31:40,200 [Worker-97: Launching SpringArchery - SpringArcheryApplication] INFO  o.e.m.c.i.embedder.EclipseLogger - Copying 3 resources
2022-03-21 00:31:40,205 [Worker-97: Launching SpringArchery - SpringArcheryApplication] INFO  o.e.m.c.i.embedder.EclipseLogger - Using 'UTF-8' encoding to copy filtered resources.
2022-03-21 00:31:40,205 [Worker-97: Launching SpringArchery - SpringArcheryApplication] INFO  o.e.m.c.i.embedder.EclipseLogger - Using 'UTF-8' encoding to copy filtered properties files.
2022-03-21 00:31:40,205 [Worker-97: Launching SpringArchery - SpringArcheryApplication] INFO  o.e.m.c.i.embedder.EclipseLogger - skip non existing resourceDirectory C:\Users\dylan\Documents\Software development course\Archery project\SpringArchery\src\test\resources
2022-03-21 00:32:22,639 [Worker-97: Building] INFO  o.e.m.c.i.l.LifecycleMappingFactory - Using org.eclipse.m2e.jdt.JarLifecycleMapping lifecycle mapping for MavenProject: com.qa:SpringArchery:0.0.1-SNAPSHOT @ C:\Users\dylan\Documents\Software development course\Archery project\SpringArchery\pom.xml.
2022-03-21 00:32:22,973 [Worker-97: Building] INFO  o.e.m.c.i.embedder.EclipseLogger - Using 'UTF-8' encoding to copy filtered resources.
2022-03-21 00:32:22,973 [Worker-97: Building] INFO  o.e.m.c.i.embedder.EclipseLogger - Using 'UTF-8' encoding to copy filtered properties files.
2022-03-21 00:32:22,974 [Worker-97: Building] INFO  o.e.m.c.i.embedder.EclipseLogger - Copying 0 resource
2022-03-21 00:32:22,974 [Worker-97: Building] INFO  o.e.m.c.i.embedder.EclipseLogger - Copying 0 resource
2022-03-21 00:32:22,975 [Worker-97: Building] INFO  o.e.m.c.i.embedder.EclipseLogger - Using 'UTF-8' encoding to copy filtered resources.
2022-03-21 00:32:22,975 [Worker-97: Building] INFO  o.e.m.c.i.embedder.EclipseLogger - Using 'UTF-8' encoding to copy filtered properties files.
2022-03-21 00:32:22,975 [Worker-97: Building] INFO  o.e.m.c.i.embedder.EclipseLogger - skip non existing resourceDirectory C:\Users\dylan\Documents\Software development course\Archery project\SpringArchery\src\test\resources
2022-03-21 00:32:28,662 [Worker-101: Updating Maven Project] INFO  o.e.m.c.i.p.ProjectConfigurationManager - Update started
2022-03-21 00:32:28,847 [Worker-101: Updating Maven Project] INFO  o.e.m.c.i.l.LifecycleMappingFactory - Using org.eclipse.m2e.jdt.JarLifecycleMapping lifecycle mapping for MavenProject: com.qa:SpringArchery:0.0.1-SNAPSHOT @ C:\Users\dylan\Documents\Software development course\Archery project\SpringArchery\pom.xml.
2022-03-21 00:32:29,140 [Worker-101: Updating Maven Project] INFO  o.e.m.j.i.AbstractJavaProjectConfigurator - Adding source folder /SpringArchery/src/main/java
2022-03-21 00:32:29,140 [Worker-101: Updating Maven Project] INFO  o.e.m.j.i.AbstractJavaProjectConfigurator - Adding resource folder /SpringArchery/src/main/resources
2022-03-21 00:32:29,140 [Worker-101: Updating Maven Project] INFO  o.e.m.j.i.AbstractJavaProjectConfigurator - Adding resource folder /SpringArchery/src/main/resources
2022-03-21 00:32:29,141 [Worker-101: Updating Maven Project] INFO  o.e.m.j.i.AbstractJavaProjectConfigurator - Adding source folder /SpringArchery/src/test/java
2022-03-21 00:32:29,302 [Worker-101: Updating Maven Project] INFO  o.e.m.c.i.p.ProjectConfigurationManager - Update completed: 0 sec
2022-03-21 00:32:29,699 [Worker-99: Building] INFO  o.e.m.c.i.embedder.EclipseLogger - Using 'UTF-8' encoding to copy filtered resources.
2022-03-21 00:32:29,699 [Worker-99: Building] INFO  o.e.m.c.i.embedder.EclipseLogger - Using 'UTF-8' encoding to copy filtered properties files.
2022-03-21 00:32:29,699 [Worker-99: Building] INFO  o.e.m.c.i.embedder.EclipseLogger - Copying 3 resources
2022-03-21 00:32:29,708 [Worker-99: Building] INFO  o.e.m.c.i.embedder.EclipseLogger - Copying 0 resource
2022-03-21 00:32:29,710 [Worker-99: Building] INFO  o.e.m.c.i.embedder.EclipseLogger - Using 'UTF-8' encoding to copy filtered resources.
2022-03-21 00:32:29,710 [Worker-99: Building] INFO  o.e.m.c.i.embedder.EclipseLogger - Using 'UTF-8' encoding to copy filtered properties files.
2022-03-21 00:32:29,710 [Worker-99: Building] INFO  o.e.m.c.i.embedder.EclipseLogger - skip non existing resourceDirectory C:\Users\dylan\Documents\Software development course\Archery project\SpringArchery\src\test\resources
2022-03-21 00:33:40,906 [Worker-101: Launching SpringArchery - SpringArcheryApplication] INFO  o.e.m.c.i.embedder.EclipseLogger - Using 'UTF-8' encoding to copy filtered resources.
2022-03-21 00:33:40,906 [Worker-101: Launching SpringArchery - SpringArcheryApplication] INFO  o.e.m.c.i.embedder.EclipseLogger - Using 'UTF-8' encoding to copy filtered properties files.
2022-03-21 00:33:40,906 [Worker-101: Launching SpringArchery - SpringArcheryApplication] INFO  o.e.m.c.i.embedder.EclipseLogger - Copying 1 resource
2022-03-21 00:33:40,910 [Worker-101: Launching SpringArchery - SpringArcheryApplication] INFO  o.e.m.c.i.embedder.EclipseLogger - Copying 0 resource
2022-03-21 00:33:40,911 [Worker-101: Launching SpringArchery - SpringArcheryApplication] INFO  o.e.m.c.i.embedder.EclipseLogger - Using 'UTF-8' encoding to copy filtered resources.
2022-03-21 00:33:40,911 [Worker-101: Launching SpringArchery - SpringArcheryApplication] INFO  o.e.m.c.i.embedder.EclipseLogger - Using 'UTF-8' encoding to copy filtered properties files.
2022-03-21 00:33:40,911 [Worker-101: Launching SpringArchery - SpringArcheryApplication] INFO  o.e.m.c.i.embedder.EclipseLogger - skip non existing resourceDirectory C:\Users\dylan\Documents\Software development course\Archery project\SpringArchery\src\test\resources
2022-03-21 00:34:41,844 [Worker-97: Launching SpringArchery - SpringArcheryApplication] INFO  o.e.m.c.i.embedder.EclipseLogger - Using 'UTF-8' encoding to copy filtered resources.
2022-03-21 00:34:41,844 [Worker-97: Launching SpringArchery - SpringArcheryApplication] INFO  o.e.m.c.i.embedder.EclipseLogger - Using 'UTF-8' encoding to copy filtered properties files.
2022-03-21 00:34:41,844 [Worker-97: Launching SpringArchery - SpringArcheryApplication] INFO  o.e.m.c.i.embedder.EclipseLogger - Copying 2 resources
2022-03-21 00:34:41,850 [Worker-97: Launching SpringArchery - SpringArcheryApplication] INFO  o.e.m.c.i.embedder.EclipseLogger - Copying 0 resource
2022-03-21 00:34:41,852 [Worker-97: Launching SpringArchery - SpringArcheryApplication] INFO  o.e.m.c.i.embedder.EclipseLogger - Using 'UTF-8' encoding to copy filtered resources.
2022-03-21 00:34:41,852 [Worker-97: Launching SpringArchery - SpringArcheryApplication] INFO  o.e.m.c.i.embedder.EclipseLogger - Using 'UTF-8' encoding to copy filtered properties files.
2022-03-21 00:34:41,852 [Worker-97: Launching SpringArchery - SpringArcheryApplication] INFO  o.e.m.c.i.embedder.EclipseLogger - skip non existing resourceDirectory C:\Users\dylan\Documents\Software development course\Archery project\SpringArchery\src\test\resources
